2018-12-21 11:33:44.144  INFO 13852 --- [main] com.jasmine.demo.TestLog                 : Starting TestLog on jasqia-7050 with PID 13852 (started by jasqia in D:\00P_SpringTest\buglist)
2018-12-21 11:33:44.146  INFO 13852 --- [main] com.jasmine.demo.TestLog                 : No active profile set, falling back to default profiles: default
2018-12-21 11:33:44.184 DEBUG 13852 --- [main] o.s.w.c.s.GenericWebApplicationContext   : Refreshing org.springframework.web.context.support.GenericWebApplicationContext@1750fbeb
2018-12-21 11:33:45.329  INFO 13852 --- [main] ptablePropertiesBeanFactoryPostProcessor : Post-processing PropertySource instances
2018-12-21 11:33:45.384  INFO 13852 --- [main] c.u.j.EncryptablePropertySourceConverter : Converting PropertySource configurationProperties [org.springframework.boot.context.properties.source.ConfigurationPropertySourcesPropertySource] to AOP Proxy
2018-12-21 11:33:45.388  INFO 13852 --- [main] c.u.j.EncryptablePropertySourceConverter : Converting PropertySource Inlined Test Properties [org.springframework.core.env.MapPropertySource] to EncryptableMapPropertySourceWrapper
2018-12-21 11:33:45.388  INFO 13852 --- [main] c.u.j.EncryptablePropertySourceConverter : Converting PropertySource systemProperties [org.springframework.core.env.MapPropertySource] to EncryptableMapPropertySourceWrapper
2018-12-21 11:33:45.388  INFO 13852 --- [main] c.u.j.EncryptablePropertySourceConverter : Converting PropertySource systemEnvironment [org.springframework.boot.env.SystemEnvironmentPropertySourceEnvironmentPostProcessor$OriginAwareSystemEnvironmentPropertySource] to EncryptableMapPropertySourceWrapper
2018-12-21 11:33:45.389  INFO 13852 --- [main] c.u.j.EncryptablePropertySourceConverter : Converting PropertySource random [org.springframework.boot.env.RandomValuePropertySource] to EncryptablePropertySourceWrapper
2018-12-21 11:33:45.389  INFO 13852 --- [main] c.u.j.EncryptablePropertySourceConverter : Converting PropertySource applicationConfig: [classpath:/application.properties] [org.springframework.boot.env.OriginTrackedMapPropertySource] to EncryptableMapPropertySourceWrapper
2018-12-21 11:33:45.518  INFO 13852 --- [main] trationDelegate$BeanPostProcessorChecker : Bean 'org.springframework.transaction.annotation.ProxyTransactionManagementConfiguration' of type [org.springframework.transaction.annotation.ProxyTransactionManagementConfiguration$$EnhancerBySpringCGLIB$$27938c81] is not eligible for getting processed by all BeanPostProcessors (for example: not eligible for auto-proxying)
2018-12-21 11:33:45.623  INFO 13852 --- [main] trationDelegate$BeanPostProcessorChecker : Bean 'org.springframework.hateoas.config.HateoasConfiguration' of type [org.springframework.hateoas.config.HateoasConfiguration$$EnhancerBySpringCGLIB$$a713d9b3] is not eligible for getting processed by all BeanPostProcessors (for example: not eligible for auto-proxying)
2018-12-21 11:33:45.673  INFO 13852 --- [main] c.u.j.r.DefaultLazyPropertyResolver      : Property Resolver custom Bean not found with name 'encryptablePropertyResolver'. Initializing Default Property Resolver
2018-12-21 11:33:45.675  INFO 13852 --- [main] c.u.j.d.DefaultLazyPropertyDetector      : Property Detector custom Bean not found with name 'encryptablePropertyDetector'. Initializing Default Property Detector
2018-12-21 11:33:45.676  INFO 13852 --- [main] c.u.j.encryptor.DefaultLazyEncryptor     : String Encryptor custom Bean not found with name 'jasyptStringEncryptor'. Initializing Default String Encryptor
2018-12-21 11:33:45.685  INFO 13852 --- [main] c.u.j.encryptor.DefaultLazyEncryptor     : Encryptor config not found for property jasypt.encryptor.algorithm, using default value: PBEWithMD5AndDES
2018-12-21 11:33:45.686  INFO 13852 --- [main] c.u.j.encryptor.DefaultLazyEncryptor     : Encryptor config not found for property jasypt.encryptor.keyObtentionIterations, using default value: 1000
2018-12-21 11:33:45.686  INFO 13852 --- [main] c.u.j.encryptor.DefaultLazyEncryptor     : Encryptor config not found for property jasypt.encryptor.poolSize, using default value: 1
2018-12-21 11:33:45.686  INFO 13852 --- [main] c.u.j.encryptor.DefaultLazyEncryptor     : Encryptor config not found for property jasypt.encryptor.providerName, using default value: null
2018-12-21 11:33:45.686  INFO 13852 --- [main] c.u.j.encryptor.DefaultLazyEncryptor     : Encryptor config not found for property jasypt.encryptor.providerClassName, using default value: null
2018-12-21 11:33:45.686  INFO 13852 --- [main] c.u.j.encryptor.DefaultLazyEncryptor     : Encryptor config not found for property jasypt.encryptor.saltGeneratorClassname, using default value: org.jasypt.salt.RandomSaltGenerator
2018-12-21 11:33:45.693  INFO 13852 --- [main] c.u.j.encryptor.DefaultLazyEncryptor     : Encryptor config not found for property jasypt.encryptor.stringOutputType, using default value: base64
2018-12-21 11:33:46.438 DEBUG 13852 --- [main] s.w.s.m.m.a.RequestMappingHandlerMapping : 14 mappings in 'requestMappingHandlerMapping'
2018-12-21 11:33:46.848 DEBUG 13852 --- [main] o.s.w.s.handler.SimpleUrlHandlerMapping  : Patterns [/**/favicon.ico] in 'faviconHandlerMapping'
2018-12-21 11:33:47.014  INFO 13852 --- [main] o.s.s.concurrent.ThreadPoolTaskExecutor  : Initializing ExecutorService 'applicationTaskExecutor'
2018-12-21 11:33:47.040 DEBUG 13852 --- [main] s.w.s.m.m.a.RequestMappingHandlerAdapter : ControllerAdvice beans: 0 @ModelAttribute, 0 @InitBinder, 1 RequestBodyAdvice, 1 ResponseBodyAdvice
2018-12-21 11:33:47.089 DEBUG 13852 --- [main] o.s.w.s.handler.SimpleUrlHandlerMapping  : Patterns [/webjars/**, /**] in 'resourceHandlerMapping'
2018-12-21 11:33:47.100 DEBUG 13852 --- [main] .m.m.a.ExceptionHandlerExceptionResolver : ControllerAdvice beans: 0 @ExceptionHandler, 1 ResponseBodyAdvice
2018-12-21 11:33:47.470  INFO 13852 --- [main] d.s.w.p.DocumentationPluginsBootstrapper : Context refreshed
2018-12-21 11:33:47.492  INFO 13852 --- [main] d.s.w.p.DocumentationPluginsBootstrapper : Found {0} custom documentation plugin(s)
2018-12-21 11:33:47.500  INFO 13852 --- [main] s.d.s.w.s.ApiListingReferenceScanner     : Scanning for api listing references
2018-12-21 11:33:47.506  INFO 13852 --- [main] s.w.ClassOrApiAnnotationResourceGrouping : Group for method update was bug-controller
2018-12-21 11:33:47.509  INFO 13852 --- [main] s.d.s.w.s.ApiListingReferenceScanner     : Request mapping: update belongs to groups: [[ResourceGroup{groupName='bug-controller', position=0, controller=com.jasmine.demo.controller.BugController}]] 
2018-12-21 11:33:47.510  INFO 13852 --- [main] s.w.ClassOrApiAnnotationResourceGrouping : Group for method create was bug-controller
2018-12-21 11:33:47.510  INFO 13852 --- [main] s.d.s.w.s.ApiListingReferenceScanner     : Request mapping: create belongs to groups: [[ResourceGroup{groupName='bug-controller', position=0, controller=com.jasmine.demo.controller.BugController}]] 
2018-12-21 11:33:47.511  INFO 13852 --- [main] s.w.ClassOrApiAnnotationResourceGrouping : Group for method del was bug-controller
2018-12-21 11:33:47.511  INFO 13852 --- [main] s.d.s.w.s.ApiListingReferenceScanner     : Request mapping: del belongs to groups: [[ResourceGroup{groupName='bug-controller', position=0, controller=com.jasmine.demo.controller.BugController}]] 
2018-12-21 11:33:47.511  INFO 13852 --- [main] s.w.ClassOrApiAnnotationResourceGrouping : Group for method findByIdpage was bug-controller
2018-12-21 11:33:47.511  INFO 13852 --- [main] s.d.s.w.s.ApiListingReferenceScanner     : Request mapping: findByIdpage belongs to groups: [[ResourceGroup{groupName='bug-controller', position=0, controller=com.jasmine.demo.controller.BugController}]] 
2018-12-21 11:33:47.512  INFO 13852 --- [main] s.w.ClassOrApiAnnotationResourceGrouping : Group for method insert was project-controller
2018-12-21 11:33:47.512  INFO 13852 --- [main] s.d.s.w.s.ApiListingReferenceScanner     : Request mapping: insert belongs to groups: [[ResourceGroup{groupName='project-controller', position=0, controller=com.jasmine.demo.controller.ProjectController}]] 
2018-12-21 11:33:47.512  INFO 13852 --- [main] s.w.ClassOrApiAnnotationResourceGrouping : Group for method getList was bug-controller
2018-12-21 11:33:47.512  INFO 13852 --- [main] s.d.s.w.s.ApiListingReferenceScanner     : Request mapping: getList belongs to groups: [[ResourceGroup{groupName='bug-controller', position=0, controller=com.jasmine.demo.controller.BugController}]] 
2018-12-21 11:33:47.513  INFO 13852 --- [main] s.w.ClassOrApiAnnotationResourceGrouping : Group for method PageList was bug-controller
2018-12-21 11:33:47.513  INFO 13852 --- [main] s.d.s.w.s.ApiListingReferenceScanner     : Request mapping: PageList belongs to groups: [[ResourceGroup{groupName='bug-controller', position=0, controller=com.jasmine.demo.controller.BugController}]] 
2018-12-21 11:33:47.513  INFO 13852 --- [main] s.w.ClassOrApiAnnotationResourceGrouping : Group for method update was bug-controller
2018-12-21 11:33:47.513  INFO 13852 --- [main] s.d.s.w.s.ApiListingReferenceScanner     : Request mapping: update belongs to groups: [[ResourceGroup{groupName='bug-controller', position=0, controller=com.jasmine.demo.controller.BugController}]] 
2018-12-21 11:33:47.517  INFO 13852 --- [main] s.d.s.w.s.ApiListingReferenceScanner     : Created resource listing Path: /default/project-controller Description: project-controller Position: 0
2018-12-21 11:33:47.518  INFO 13852 --- [main] s.d.s.w.s.ApiListingReferenceScanner     : Created resource listing Path: /default/bug-controller Description: bug-controller Position: 0
2018-12-21 11:33:47.538  INFO 13852 --- [main] s.d.schema.ModelContextKeyGenerator      : Cache Key Generated: java.lang.String(true)
2018-12-21 11:33:47.539  INFO 13852 --- [main] s.d.spring.web.caching.CachingAspect     : Caching aspect applied for cache models with key java.lang.String(true)
2018-12-21 11:33:47.545  INFO 13852 --- [main] s.d.schema.ModelContextKeyGenerator      : Cache Key Generated: java.lang.String(true)
2018-12-21 11:33:47.545  INFO 13852 --- [main] s.d.spring.web.caching.CachingAspect     : Caching aspect applied for cache modelDependencies with key java.lang.String(true)
2018-12-21 11:33:47.550  INFO 13852 --- [main] s.d.spring.web.OperationsKeyGenerator    : Cache key generated: /listpage.com.jasmine.demo.controller.BugController.PageList.DefaultGenericTypeNamingStrategy
2018-12-21 11:33:47.550  INFO 13852 --- [main] s.d.spring.web.caching.CachingAspect     : Caching aspect applied for cache operations with key /listpage.com.jasmine.demo.controller.BugController.PageList.DefaultGenericTypeNamingStrategy
2018-12-21 11:33:47.564  INFO 13852 --- [main] s.w.ClassOrApiAnnotationResourceGrouping : Group for method PageList was bug-controller
2018-12-21 11:33:47.567  INFO 13852 --- [main] s.w.ClassOrApiAnnotationResourceGrouping : Group for method PageList was bug-controller
2018-12-21 11:33:47.570  INFO 13852 --- [main] s.w.ClassOrApiAnnotationResourceGrouping : Group for method PageList was bug-controller
2018-12-21 11:33:47.571  INFO 13852 --- [main] s.w.ClassOrApiAnnotationResourceGrouping : Group for method PageList was bug-controller
2018-12-21 11:33:47.573  INFO 13852 --- [main] s.w.ClassOrApiAnnotationResourceGrouping : Group for method PageList was bug-controller
2018-12-21 11:33:47.574  INFO 13852 --- [main] s.w.ClassOrApiAnnotationResourceGrouping : Group for method PageList was bug-controller
2018-12-21 11:33:47.576  INFO 13852 --- [main] s.w.ClassOrApiAnnotationResourceGrouping : Group for method PageList was bug-controller
2018-12-21 11:33:47.576  INFO 13852 --- [main] s.w.ClassOrApiAnnotationResourceGrouping : Group for method PageList was bug-controller
2018-12-21 11:33:47.578  INFO 13852 --- [main] s.w.ClassOrApiAnnotationResourceGrouping : Group for method PageList was bug-controller
2018-12-21 11:33:47.579  INFO 13852 --- [main] s.w.ClassOrApiAnnotationResourceGrouping : Group for method PageList was bug-controller
2018-12-21 11:33:47.581  INFO 13852 --- [main] s.w.ClassOrApiAnnotationResourceGrouping : Group for method PageList was bug-controller
2018-12-21 11:33:47.582  INFO 13852 --- [main] s.w.ClassOrApiAnnotationResourceGrouping : Group for method PageList was bug-controller
2018-12-21 11:33:47.584  INFO 13852 --- [main] s.w.ClassOrApiAnnotationResourceGrouping : Group for method PageList was bug-controller
2018-12-21 11:33:47.585  INFO 13852 --- [main] s.w.ClassOrApiAnnotationResourceGrouping : Group for method PageList was bug-controller
2018-12-21 11:33:47.587  INFO 13852 --- [main] s.w.ClassOrApiAnnotationResourceGrouping : Group for method PageList was bug-controller
2018-12-21 11:33:47.588  INFO 13852 --- [main] s.w.ClassOrApiAnnotationResourceGrouping : Group for method PageList was bug-controller
2018-12-21 11:33:47.592  INFO 13852 --- [main] s.d.schema.ModelContextKeyGenerator      : Cache Key Generated: java.lang.String(true)
2018-12-21 11:33:47.593  INFO 13852 --- [main] s.d.spring.web.caching.CachingAspect     : Caching aspect applied for cache models with key java.lang.String(true)
2018-12-21 11:33:47.593  INFO 13852 --- [main] s.d.schema.ModelContextKeyGenerator      : Cache Key Generated: java.lang.String(true)
2018-12-21 11:33:47.593  INFO 13852 --- [main] s.d.spring.web.caching.CachingAspect     : Caching aspect applied for cache modelDependencies with key java.lang.String(true)
2018-12-21 11:33:47.593  INFO 13852 --- [main] s.d.spring.web.OperationsKeyGenerator    : Cache key generated: /create.com.jasmine.demo.controller.BugController.create.DefaultGenericTypeNamingStrategy
2018-12-21 11:33:47.593  INFO 13852 --- [main] s.d.spring.web.caching.CachingAspect     : Caching aspect applied for cache operations with key /create.com.jasmine.demo.controller.BugController.create.DefaultGenericTypeNamingStrategy
2018-12-21 11:33:47.598  INFO 13852 --- [main] s.w.ClassOrApiAnnotationResourceGrouping : Group for method create was bug-controller
2018-12-21 11:33:47.599  INFO 13852 --- [main] s.w.ClassOrApiAnnotationResourceGrouping : Group for method create was bug-controller
2018-12-21 11:33:47.600  INFO 13852 --- [main] s.d.schema.ModelContextKeyGenerator      : Cache Key Generated: java.lang.String(true)
2018-12-21 11:33:47.600  INFO 13852 --- [main] s.d.spring.web.caching.CachingAspect     : Caching aspect applied for cache models with key java.lang.String(true)
2018-12-21 11:33:47.601  INFO 13852 --- [main] s.d.schema.ModelContextKeyGenerator      : Cache Key Generated: java.lang.String(true)
2018-12-21 11:33:47.601  INFO 13852 --- [main] s.d.spring.web.caching.CachingAspect     : Caching aspect applied for cache modelDependencies with key java.lang.String(true)
2018-12-21 11:33:47.601  INFO 13852 --- [main] s.d.spring.web.OperationsKeyGenerator    : Cache key generated: /del.com.jasmine.demo.controller.BugController.del.DefaultGenericTypeNamingStrategy
2018-12-21 11:33:47.601  INFO 13852 --- [main] s.d.spring.web.caching.CachingAspect     : Caching aspect applied for cache operations with key /del.com.jasmine.demo.controller.BugController.del.DefaultGenericTypeNamingStrategy
2018-12-21 11:33:47.604  INFO 13852 --- [main] s.w.ClassOrApiAnnotationResourceGrouping : Group for method del was bug-controller
2018-12-21 11:33:47.605  INFO 13852 --- [main] s.w.ClassOrApiAnnotationResourceGrouping : Group for method del was bug-controller
2018-12-21 11:33:47.606  INFO 13852 --- [main] s.d.schema.ModelContextKeyGenerator      : Cache Key Generated: java.lang.String(true)
2018-12-21 11:33:47.606  INFO 13852 --- [main] s.d.spring.web.caching.CachingAspect     : Caching aspect applied for cache models with key java.lang.String(true)
2018-12-21 11:33:47.606  INFO 13852 --- [main] s.d.schema.ModelContextKeyGenerator      : Cache Key Generated: java.lang.String(true)
2018-12-21 11:33:47.606  INFO 13852 --- [main] s.d.spring.web.caching.CachingAspect     : Caching aspect applied for cache modelDependencies with key java.lang.String(true)
2018-12-21 11:33:47.606  INFO 13852 --- [main] s.d.spring.web.OperationsKeyGenerator    : Cache key generated: /findByIdpage.com.jasmine.demo.controller.BugController.findByIdpage.DefaultGenericTypeNamingStrategy
2018-12-21 11:33:47.606  INFO 13852 --- [main] s.d.spring.web.caching.CachingAspect     : Caching aspect applied for cache operations with key /findByIdpage.com.jasmine.demo.controller.BugController.findByIdpage.DefaultGenericTypeNamingStrategy
2018-12-21 11:33:47.609  INFO 13852 --- [main] s.w.ClassOrApiAnnotationResourceGrouping : Group for method findByIdpage was bug-controller
2018-12-21 11:33:47.610  INFO 13852 --- [main] s.w.ClassOrApiAnnotationResourceGrouping : Group for method findByIdpage was bug-controller
2018-12-21 11:33:47.612  INFO 13852 --- [main] s.w.ClassOrApiAnnotationResourceGrouping : Group for method findByIdpage was bug-controller
2018-12-21 11:33:47.613  INFO 13852 --- [main] s.w.ClassOrApiAnnotationResourceGrouping : Group for method findByIdpage was bug-controller
2018-12-21 11:33:47.616  INFO 13852 --- [main] s.w.ClassOrApiAnnotationResourceGrouping : Group for method findByIdpage was bug-controller
2018-12-21 11:33:47.617  INFO 13852 --- [main] s.w.ClassOrApiAnnotationResourceGrouping : Group for method findByIdpage was bug-controller
2018-12-21 11:33:47.619  INFO 13852 --- [main] s.w.ClassOrApiAnnotationResourceGrouping : Group for method findByIdpage was bug-controller
2018-12-21 11:33:47.620  INFO 13852 --- [main] s.w.ClassOrApiAnnotationResourceGrouping : Group for method findByIdpage was bug-controller
2018-12-21 11:33:47.622  INFO 13852 --- [main] s.w.ClassOrApiAnnotationResourceGrouping : Group for method findByIdpage was bug-controller
2018-12-21 11:33:47.624  INFO 13852 --- [main] s.w.ClassOrApiAnnotationResourceGrouping : Group for method findByIdpage was bug-controller
2018-12-21 11:33:47.626  INFO 13852 --- [main] s.w.ClassOrApiAnnotationResourceGrouping : Group for method findByIdpage was bug-controller
2018-12-21 11:33:47.627  INFO 13852 --- [main] s.w.ClassOrApiAnnotationResourceGrouping : Group for method findByIdpage was bug-controller
2018-12-21 11:33:47.629  INFO 13852 --- [main] s.w.ClassOrApiAnnotationResourceGrouping : Group for method findByIdpage was bug-controller
2018-12-21 11:33:47.630  INFO 13852 --- [main] s.w.ClassOrApiAnnotationResourceGrouping : Group for method findByIdpage was bug-controller
2018-12-21 11:33:47.644  INFO 13852 --- [main] s.w.ClassOrApiAnnotationResourceGrouping : Group for method findByIdpage was bug-controller
2018-12-21 11:33:47.645  INFO 13852 --- [main] s.w.ClassOrApiAnnotationResourceGrouping : Group for method findByIdpage was bug-controller
2018-12-21 11:33:47.646  INFO 13852 --- [main] s.d.schema.ModelContextKeyGenerator      : Cache Key Generated: java.util.List<com.jasmine.demo.bean.Bug>(true)
2018-12-21 11:33:47.646  INFO 13852 --- [main] s.d.spring.web.caching.CachingAspect     : Caching aspect applied for cache models with key java.util.List<com.jasmine.demo.bean.Bug>(true)
2018-12-21 11:33:47.646  INFO 13852 --- [main] s.d.schema.ModelContextKeyGenerator      : Cache Key Generated: java.util.List<com.jasmine.demo.bean.Bug>(true)
2018-12-21 11:33:47.646  INFO 13852 --- [main] s.d.spring.web.caching.CachingAspect     : Caching aspect applied for cache modelDependencies with key java.util.List<com.jasmine.demo.bean.Bug>(true)
2018-12-21 11:33:47.647  INFO 13852 --- [main] s.d.s.p.ModelPropertiesKeyGenerator      : Cache key generated: com.jasmine.demo.bean.Bug(true)
2018-12-21 11:33:47.647  INFO 13852 --- [main] s.d.spring.web.caching.CachingAspect     : Caching aspect applied for cache modelProperties with key com.jasmine.demo.bean.Bug(true)
2018-12-21 11:33:47.676  INFO 13852 --- [main] s.d.s.p.ModelPropertiesKeyGenerator      : Cache key generated: java.util.List<com.jasmine.demo.bean.Bug>(true)
2018-12-21 11:33:47.676  INFO 13852 --- [main] s.d.spring.web.caching.CachingAspect     : Caching aspect applied for cache modelProperties with key java.util.List<com.jasmine.demo.bean.Bug>(true)
2018-12-21 11:33:47.678  INFO 13852 --- [main] s.d.s.p.ModelPropertiesKeyGenerator      : Cache key generated: com.jasmine.demo.bean.Bug(true)
2018-12-21 11:33:47.678  INFO 13852 --- [main] s.d.spring.web.caching.CachingAspect     : Caching aspect applied for cache modelProperties with key com.jasmine.demo.bean.Bug(true)
2018-12-21 11:33:47.681  INFO 13852 --- [main] s.d.spring.web.OperationsKeyGenerator    : Cache key generated: /listapi.com.jasmine.demo.controller.BugController.getList.DefaultGenericTypeNamingStrategy
2018-12-21 11:33:47.681  INFO 13852 --- [main] s.d.spring.web.caching.CachingAspect     : Caching aspect applied for cache operations with key /listapi.com.jasmine.demo.controller.BugController.getList.DefaultGenericTypeNamingStrategy
2018-12-21 11:33:47.682  INFO 13852 --- [main] s.w.ClassOrApiAnnotationResourceGrouping : Group for method getList was bug-controller
2018-12-21 11:33:47.683  INFO 13852 --- [main] s.w.ClassOrApiAnnotationResourceGrouping : Group for method getList was bug-controller
2018-12-21 11:33:47.685  INFO 13852 --- [main] s.d.schema.ModelContextKeyGenerator      : Cache Key Generated: java.lang.String(true)
2018-12-21 11:33:47.685  INFO 13852 --- [main] s.d.spring.web.caching.CachingAspect     : Caching aspect applied for cache models with key java.lang.String(true)
2018-12-21 11:33:47.685  INFO 13852 --- [main] s.d.schema.ModelContextKeyGenerator      : Cache Key Generated: java.lang.String(true)
2018-12-21 11:33:47.685  INFO 13852 --- [main] s.d.spring.web.caching.CachingAspect     : Caching aspect applied for cache modelDependencies with key java.lang.String(true)
2018-12-21 11:33:47.686  INFO 13852 --- [main] s.d.spring.web.OperationsKeyGenerator    : Cache key generated: /Update.com.jasmine.demo.controller.BugController.update.DefaultGenericTypeNamingStrategy
2018-12-21 11:33:47.686  INFO 13852 --- [main] s.d.spring.web.caching.CachingAspect     : Caching aspect applied for cache operations with key /Update.com.jasmine.demo.controller.BugController.update.DefaultGenericTypeNamingStrategy
2018-12-21 11:33:47.688  INFO 13852 --- [main] s.w.ClassOrApiAnnotationResourceGrouping : Group for method update was bug-controller
2018-12-21 11:33:47.689  INFO 13852 --- [main] s.w.ClassOrApiAnnotationResourceGrouping : Group for method update was bug-controller
2018-12-21 11:33:47.692  INFO 13852 --- [main] s.w.ClassOrApiAnnotationResourceGrouping : Group for method update was bug-controller
2018-12-21 11:33:47.692  INFO 13852 --- [main] s.w.ClassOrApiAnnotationResourceGrouping : Group for method update was bug-controller
2018-12-21 11:33:47.695  INFO 13852 --- [main] s.w.ClassOrApiAnnotationResourceGrouping : Group for method update was bug-controller
2018-12-21 11:33:47.696  INFO 13852 --- [main] s.w.ClassOrApiAnnotationResourceGrouping : Group for method update was bug-controller
2018-12-21 11:33:47.698  INFO 13852 --- [main] s.w.ClassOrApiAnnotationResourceGrouping : Group for method update was bug-controller
2018-12-21 11:33:47.699  INFO 13852 --- [main] s.w.ClassOrApiAnnotationResourceGrouping : Group for method update was bug-controller
2018-12-21 11:33:47.701  INFO 13852 --- [main] s.w.ClassOrApiAnnotationResourceGrouping : Group for method update was bug-controller
2018-12-21 11:33:47.701  INFO 13852 --- [main] s.w.ClassOrApiAnnotationResourceGrouping : Group for method update was bug-controller
2018-12-21 11:33:47.703  INFO 13852 --- [main] s.w.ClassOrApiAnnotationResourceGrouping : Group for method update was bug-controller
2018-12-21 11:33:47.704  INFO 13852 --- [main] s.w.ClassOrApiAnnotationResourceGrouping : Group for method update was bug-controller
2018-12-21 11:33:47.707  INFO 13852 --- [main] s.w.ClassOrApiAnnotationResourceGrouping : Group for method update was bug-controller
2018-12-21 11:33:47.708  INFO 13852 --- [main] s.w.ClassOrApiAnnotationResourceGrouping : Group for method update was bug-controller
2018-12-21 11:33:47.711  INFO 13852 --- [main] s.w.ClassOrApiAnnotationResourceGrouping : Group for method update was bug-controller
2018-12-21 11:33:47.712  INFO 13852 --- [main] s.w.ClassOrApiAnnotationResourceGrouping : Group for method update was bug-controller
2018-12-21 11:33:47.714  INFO 13852 --- [main] s.d.schema.ModelContextKeyGenerator      : Cache Key Generated: java.lang.String(true)
2018-12-21 11:33:47.714  INFO 13852 --- [main] s.d.spring.web.caching.CachingAspect     : Caching aspect applied for cache models with key java.lang.String(true)
2018-12-21 11:33:47.714  INFO 13852 --- [main] s.d.schema.ModelContextKeyGenerator      : Cache Key Generated: java.lang.String(true)
2018-12-21 11:33:47.714  INFO 13852 --- [main] s.d.spring.web.caching.CachingAspect     : Caching aspect applied for cache modelDependencies with key java.lang.String(true)
2018-12-21 11:33:47.714  INFO 13852 --- [main] s.d.spring.web.OperationsKeyGenerator    : Cache key generated: /toUpdate.com.jasmine.demo.controller.BugController.update.DefaultGenericTypeNamingStrategy
2018-12-21 11:33:47.714  INFO 13852 --- [main] s.d.spring.web.caching.CachingAspect     : Caching aspect applied for cache operations with key /toUpdate.com.jasmine.demo.controller.BugController.update.DefaultGenericTypeNamingStrategy
2018-12-21 11:33:47.724  INFO 13852 --- [main] s.w.ClassOrApiAnnotationResourceGrouping : Group for method update was bug-controller
2018-12-21 11:33:47.725  INFO 13852 --- [main] s.w.ClassOrApiAnnotationResourceGrouping : Group for method update was bug-controller
2018-12-21 11:33:47.725  INFO 13852 --- [main] .d.s.w.r.o.CachingOperationNameGenerator : Generating unique operation named: updateUsingGET_1
2018-12-21 11:33:47.732  INFO 13852 --- [main] s.w.ClassOrApiAnnotationResourceGrouping : Group for method update was bug-controller
2018-12-21 11:33:47.733  INFO 13852 --- [main] s.w.ClassOrApiAnnotationResourceGrouping : Group for method update was bug-controller
2018-12-21 11:33:47.733  INFO 13852 --- [main] .d.s.w.r.o.CachingOperationNameGenerator : Generating unique operation named: updateUsingHEAD_1
2018-12-21 11:33:47.740  INFO 13852 --- [main] s.w.ClassOrApiAnnotationResourceGrouping : Group for method update was bug-controller
2018-12-21 11:33:47.741  INFO 13852 --- [main] s.w.ClassOrApiAnnotationResourceGrouping : Group for method update was bug-controller
2018-12-21 11:33:47.741  INFO 13852 --- [main] .d.s.w.r.o.CachingOperationNameGenerator : Generating unique operation named: updateUsingPOST_1
2018-12-21 11:33:47.747  INFO 13852 --- [main] s.w.ClassOrApiAnnotationResourceGrouping : Group for method update was bug-controller
2018-12-21 11:33:47.748  INFO 13852 --- [main] s.w.ClassOrApiAnnotationResourceGrouping : Group for method update was bug-controller
2018-12-21 11:33:47.748  INFO 13852 --- [main] .d.s.w.r.o.CachingOperationNameGenerator : Generating unique operation named: updateUsingPUT_1
2018-12-21 11:33:47.754  INFO 13852 --- [main] s.w.ClassOrApiAnnotationResourceGrouping : Group for method update was bug-controller
2018-12-21 11:33:47.756  INFO 13852 --- [main] s.w.ClassOrApiAnnotationResourceGrouping : Group for method update was bug-controller
2018-12-21 11:33:47.756  INFO 13852 --- [main] .d.s.w.r.o.CachingOperationNameGenerator : Generating unique operation named: updateUsingPATCH_1
2018-12-21 11:33:47.763  INFO 13852 --- [main] s.w.ClassOrApiAnnotationResourceGrouping : Group for method update was bug-controller
2018-12-21 11:33:47.763  INFO 13852 --- [main] s.w.ClassOrApiAnnotationResourceGrouping : Group for method update was bug-controller
2018-12-21 11:33:47.763  INFO 13852 --- [main] .d.s.w.r.o.CachingOperationNameGenerator : Generating unique operation named: updateUsingDELETE_1
2018-12-21 11:33:47.769  INFO 13852 --- [main] s.w.ClassOrApiAnnotationResourceGrouping : Group for method update was bug-controller
2018-12-21 11:33:47.770  INFO 13852 --- [main] s.w.ClassOrApiAnnotationResourceGrouping : Group for method update was bug-controller
2018-12-21 11:33:47.770  INFO 13852 --- [main] .d.s.w.r.o.CachingOperationNameGenerator : Generating unique operation named: updateUsingOPTIONS_1
2018-12-21 11:33:47.777  INFO 13852 --- [main] s.w.ClassOrApiAnnotationResourceGrouping : Group for method update was bug-controller
2018-12-21 11:33:47.778  INFO 13852 --- [main] s.w.ClassOrApiAnnotationResourceGrouping : Group for method update was bug-controller
2018-12-21 11:33:47.778  INFO 13852 --- [main] .d.s.w.r.o.CachingOperationNameGenerator : Generating unique operation named: updateUsingTRACE_1
2018-12-21 11:33:47.792  INFO 13852 --- [main] s.d.schema.ModelContextKeyGenerator      : Cache Key Generated: java.lang.String(true)
2018-12-21 11:33:47.793  INFO 13852 --- [main] s.d.spring.web.caching.CachingAspect     : Caching aspect applied for cache models with key java.lang.String(true)
2018-12-21 11:33:47.793  INFO 13852 --- [main] s.d.schema.ModelContextKeyGenerator      : Cache Key Generated: java.lang.String(true)
2018-12-21 11:33:47.793  INFO 13852 --- [main] s.d.spring.web.caching.CachingAspect     : Caching aspect applied for cache modelDependencies with key java.lang.String(true)
2018-12-21 11:33:47.793  INFO 13852 --- [main] s.d.spring.web.OperationsKeyGenerator    : Cache key generated: /insert.com.jasmine.demo.controller.ProjectController.insert.DefaultGenericTypeNamingStrategy
2018-12-21 11:33:47.793  INFO 13852 --- [main] s.d.spring.web.caching.CachingAspect     : Caching aspect applied for cache operations with key /insert.com.jasmine.demo.controller.ProjectController.insert.DefaultGenericTypeNamingStrategy
2018-12-21 11:33:47.794  INFO 13852 --- [main] s.w.ClassOrApiAnnotationResourceGrouping : Group for method insert was project-controller
2018-12-21 11:33:47.795  INFO 13852 --- [main] s.w.ClassOrApiAnnotationResourceGrouping : Group for method insert was project-controller
2018-12-21 11:33:47.796  INFO 13852 --- [main] s.w.ClassOrApiAnnotationResourceGrouping : Group for method insert was project-controller
2018-12-21 11:33:47.796  INFO 13852 --- [main] s.w.ClassOrApiAnnotationResourceGrouping : Group for method insert was project-controller
2018-12-21 11:33:47.797  INFO 13852 --- [main] s.w.ClassOrApiAnnotationResourceGrouping : Group for method insert was project-controller
2018-12-21 11:33:47.798  INFO 13852 --- [main] s.w.ClassOrApiAnnotationResourceGrouping : Group for method insert was project-controller
2018-12-21 11:33:47.798  INFO 13852 --- [main] s.w.ClassOrApiAnnotationResourceGrouping : Group for method insert was project-controller
2018-12-21 11:33:47.799  INFO 13852 --- [main] s.w.ClassOrApiAnnotationResourceGrouping : Group for method insert was project-controller
2018-12-21 11:33:47.799  INFO 13852 --- [main] s.w.ClassOrApiAnnotationResourceGrouping : Group for method insert was project-controller
2018-12-21 11:33:47.800  INFO 13852 --- [main] s.w.ClassOrApiAnnotationResourceGrouping : Group for method insert was project-controller
2018-12-21 11:33:47.801  INFO 13852 --- [main] s.w.ClassOrApiAnnotationResourceGrouping : Group for method insert was project-controller
2018-12-21 11:33:47.802  INFO 13852 --- [main] s.w.ClassOrApiAnnotationResourceGrouping : Group for method insert was project-controller
2018-12-21 11:33:47.803  INFO 13852 --- [main] s.w.ClassOrApiAnnotationResourceGrouping : Group for method insert was project-controller
2018-12-21 11:33:47.803  INFO 13852 --- [main] s.w.ClassOrApiAnnotationResourceGrouping : Group for method insert was project-controller
2018-12-21 11:33:47.804  INFO 13852 --- [main] s.w.ClassOrApiAnnotationResourceGrouping : Group for method insert was project-controller
2018-12-21 11:33:47.805  INFO 13852 --- [main] s.w.ClassOrApiAnnotationResourceGrouping : Group for method insert was project-controller
2018-12-21 11:33:47.819  INFO 13852 --- [main] com.jasmine.demo.TestLog                 : Started TestLog in 4.062 seconds (JVM running for 4.928)
2018-12-21 11:33:48.005  INFO 13852 --- [main] com.jasmine.demo.TestLog                 : =====>>>>> logger()
2018-12-21 11:33:48.009 DEBUG 13852 --- [Thread-2] o.s.w.c.s.GenericWebApplicationContext   : Closing org.springframework.web.context.support.GenericWebApplicationContext@1750fbeb, started on Fri Dec 21 11:33:44 CST 2018
2018-12-21 11:33:48.011  INFO 13852 --- [Thread-2] o.s.s.concurrent.ThreadPoolTaskExecutor  : Shutting down ExecutorService 'applicationTaskExecutor'
